build/app/intermediates/manifest_merge_blame_file/debug/manifest-merger-blame-debug-report.txt
1<?xml version="1.0" encoding="utf-8"?>
2<manifest xmlns:android="http://schemas.android.com/apk/res/android"
3    package="com.abhishek.paytmpaymentaiosdk"
4    android:versionCode="1"
5    android:versionName="1.0.0" >
6
7    <uses-sdk
8        android:minSdkVersion="18"
9        android:targetSdkVersion="28" />
10    <!--
11         Flutter needs it to communicate with the running application
12         to allow setting breakpoints, to provide hot reload, etc.
13    -->
14    <uses-permission android:name="android.permission.INTERNET" />
14-->src/debug/AndroidManifest.xml:6:5-66
14-->src/debug/AndroidManifest.xml:6:22-64
15    <uses-permission android:name="android.permission.ACCESS_NETWORK_STATE" />
15-->[com.paytm.appinvokesdk:appinvokesdk:1.2] AndroidManifest.xml:9:5-79
15-->[com.paytm.appinvokesdk:appinvokesdk:1.2] AndroidManifest.xml:9:22-76
16    <uses-permission android:name="android.permission.WRITE_EXTERNAL_STORAGE" />
16-->[com.paytm.appinvokesdk:appinvokesdk:1.2] AndroidManifest.xml:10:5-81
16-->[com.paytm.appinvokesdk:appinvokesdk:1.2] AndroidManifest.xml:10:22-78
17    <uses-permission android:name="android.permission.READ_EXTERNAL_STORAGE" />
17-->[com.paytm.appinvokesdk:appinvokesdk:1.2] AndroidManifest.xml:11:5-80
17-->[com.paytm.appinvokesdk:appinvokesdk:1.2] AndroidManifest.xml:11:22-77
18    <uses-permission android:name="android.permission.READ_PHONE_STATE" />
18-->[com.paytm.easypay:easypay:8.7.3-appinvoke] AndroidManifest.xml:10:5-75
18-->[com.paytm.easypay:easypay:8.7.3-appinvoke] AndroidManifest.xml:10:22-72
19    <uses-permission android:name="android.permission.WAKE_LOCK" />
19-->[com.paytm.easypay:easypay:8.7.3-appinvoke] AndroidManifest.xml:11:5-68
19-->[com.paytm.easypay:easypay:8.7.3-appinvoke] AndroidManifest.xml:11:22-65
20    <!--
21 io.flutter.app.FlutterApplication is an android.app.Application that
22         calls FlutterMain.startInitialization(this); in its onCreate method.
23         In most cases you can leave this as-is, but you if you want to provide
24         additional functionality it is fine to subclass or reimplement
25         FlutterApplication and put your custom class here.
26    -->
27    <application
27-->src/main/AndroidManifest.xml:8:5-46:19
28        android:name="io.flutter.app.FlutterApplication"
28-->src/main/AndroidManifest.xml:9:9-57
29        android:appComponentFactory="androidx.core.app.CoreComponentFactory"
29-->[androidx.core:core:1.1.0] AndroidManifest.xml:24:18-86
30        android:debuggable="true"
31        android:icon="@mipmap/ic_launcher"
31-->src/main/AndroidManifest.xml:11:9-43
32        android:label="paytmpaymentaiosdk" >
32-->src/main/AndroidManifest.xml:10:9-43
33        <activity
33-->src/main/AndroidManifest.xml:12:9-40:20
34            android:name="com.abhishek.paytmpaymentaiosdk.MainActivity"
34-->src/main/AndroidManifest.xml:13:13-41
35            android:configChanges="orientation|keyboardHidden|keyboard|screenSize|smallestScreenSize|locale|layoutDirection|fontScale|screenLayout|density|uiMode"
35-->src/main/AndroidManifest.xml:16:13-163
36            android:hardwareAccelerated="true"
36-->src/main/AndroidManifest.xml:17:13-47
37            android:launchMode="singleTop"
37-->src/main/AndroidManifest.xml:14:13-43
38            android:theme="@style/LaunchTheme"
38-->src/main/AndroidManifest.xml:15:13-47
39            android:windowSoftInputMode="adjustResize" >
39-->src/main/AndroidManifest.xml:18:13-55
40
41            <!--
42                 Specifies an Android theme to apply to this Activity as soon as
43                 the Android process has started. This theme is visible to the user
44                 while the Flutter UI initializes. After that, this theme continues
45                 to determine the Window background behind the Flutter UI.
46            -->
47            <meta-data
47-->src/main/AndroidManifest.xml:23:13-26:17
48                android:name="io.flutter.embedding.android.NormalTheme"
48-->src/main/AndroidManifest.xml:24:15-70
49                android:resource="@style/NormalTheme" />
49-->src/main/AndroidManifest.xml:25:15-52
50            <!--
51                 Displays an Android View that continues showing the launch screen
52                 Drawable until Flutter paints its first frame, then this splash
53                 screen fades out. A splash screen is useful to avoid any visual
54                 gap between the end of Android's launch screen and the painting of
55                 Flutter's first frame.
56            -->
57            <meta-data
57-->src/main/AndroidManifest.xml:32:13-35:17
58                android:name="io.flutter.embedding.android.SplashScreenDrawable"
58-->src/main/AndroidManifest.xml:33:15-79
59                android:resource="@drawable/launch_background" />
59-->src/main/AndroidManifest.xml:34:15-61
60
61            <intent-filter>
61-->src/main/AndroidManifest.xml:36:13-39:29
62                <action android:name="android.intent.action.MAIN" />
62-->src/main/AndroidManifest.xml:37:17-68
62-->src/main/AndroidManifest.xml:37:25-66
63
64                <category android:name="android.intent.category.LAUNCHER" />
64-->src/main/AndroidManifest.xml:38:17-76
64-->src/main/AndroidManifest.xml:38:27-74
65            </intent-filter>
66        </activity>
67        <!--
68             Don't delete the meta-data below.
69             This is used by the Flutter tool to generate GeneratedPluginRegistrant.java
70        -->
71        <meta-data
71-->src/main/AndroidManifest.xml:43:9-45:33
72            android:name="flutterEmbedding"
72-->src/main/AndroidManifest.xml:44:13-44
73            android:value="2" />
73-->src/main/AndroidManifest.xml:45:13-30
74
75        <activity
75-->[com.paytm.appinvokesdk:appinvokesdk:1.2] AndroidManifest.xml:14:9-17:66
76            android:name="com.paytm.pgsdk.PaytmPGActivity"
76-->[com.paytm.appinvokesdk:appinvokesdk:1.2] AndroidManifest.xml:15:13-59
77            android:screenOrientation="portrait"
77-->[com.paytm.appinvokesdk:appinvokesdk:1.2] AndroidManifest.xml:16:13-49
78            android:theme="@style/Theme.AppCompat.NoActionBar" />
78-->[com.paytm.appinvokesdk:appinvokesdk:1.2] AndroidManifest.xml:17:13-63
79
80        <service
80-->[com.paytm.appinvokesdk:appinvokesdk:1.2] AndroidManifest.xml:19:9-21:40
81            android:name="com.paytm.pgsdk.IntentServicePostNotification"
81-->[com.paytm.appinvokesdk:appinvokesdk:1.2] AndroidManifest.xml:20:13-73
82            android:exported="false" />
82-->[com.paytm.appinvokesdk:appinvokesdk:1.2] AndroidManifest.xml:21:13-37
83        <service
83-->[com.paytm.appinvokesdk:appinvokesdk:1.2] AndroidManifest.xml:22:9-24:40
84            android:name="com.paytm.pgsdk.IntentServicePreNotification"
84-->[com.paytm.appinvokesdk:appinvokesdk:1.2] AndroidManifest.xml:23:13-72
85            android:exported="false" />
85-->[com.paytm.appinvokesdk:appinvokesdk:1.2] AndroidManifest.xml:24:13-37
86        <service
86-->[com.paytm.appinvokesdk:appinvokesdk:1.2] AndroidManifest.xml:25:9-28:39
87            android:name="easypay.utils.EasypayLoaderService"
87-->[com.paytm.appinvokesdk:appinvokesdk:1.2] AndroidManifest.xml:26:13-62
88            android:enabled="true"
88-->[com.paytm.appinvokesdk:appinvokesdk:1.2] AndroidManifest.xml:27:13-35
89            android:exported="true" />
89-->[com.paytm.appinvokesdk:appinvokesdk:1.2] AndroidManifest.xml:28:13-36
90        <service
90-->[com.paytm.appinvokesdk:appinvokesdk:1.2] AndroidManifest.xml:29:9-32:39
91            android:name="easypay.utils.AnalyticsService"
91-->[com.paytm.appinvokesdk:appinvokesdk:1.2] AndroidManifest.xml:30:13-58
92            android:enabled="true"
92-->[com.paytm.appinvokesdk:appinvokesdk:1.2] AndroidManifest.xml:31:13-35
93            android:exported="true"
93-->[com.paytm.appinvokesdk:appinvokesdk:1.2] AndroidManifest.xml:32:13-36
94            android:permission="android.permission.BIND_JOB_SERVICE" />
94-->[com.paytm.easypay:easypay:8.7.3-appinvoke] AndroidManifest.xml:22:13-69
95        <service
95-->[com.paytm.easypay:easypay:8.7.3-appinvoke] AndroidManifest.xml:14:9-17:72
96            android:name="easypay.utils.EasyPayConfigDownloader"
96-->[com.paytm.easypay:easypay:8.7.3-appinvoke] AndroidManifest.xml:15:13-65
97            android:exported="true"
97-->[com.paytm.easypay:easypay:8.7.3-appinvoke] AndroidManifest.xml:16:13-36
98            android:permission="android.permission.BIND_JOB_SERVICE" />
98-->[com.paytm.easypay:easypay:8.7.3-appinvoke] AndroidManifest.xml:17:13-69
99
100        <activity android:name="easypay.AnalyticsManagerInfoDisplayActivity" />
100-->[com.paytm.easypay:easypay:8.7.3-appinvoke] AndroidManifest.xml:24:9-80
100-->[com.paytm.easypay:easypay:8.7.3-appinvoke] AndroidManifest.xml:24:19-77
101        <activity
101-->[com.google.android.gms:play-services-auth:17.0.0] AndroidManifest.xml:23:9-27:75
102            android:name="com.google.android.gms.auth.api.signin.internal.SignInHubActivity"
102-->[com.google.android.gms:play-services-auth:17.0.0] AndroidManifest.xml:24:13-93
103            android:excludeFromRecents="true"
103-->[com.google.android.gms:play-services-auth:17.0.0] AndroidManifest.xml:25:13-46
104            android:exported="false"
104-->[com.google.android.gms:play-services-auth:17.0.0] AndroidManifest.xml:26:13-37
105            android:theme="@android:style/Theme.Translucent.NoTitleBar" />
105-->[com.google.android.gms:play-services-auth:17.0.0] AndroidManifest.xml:27:13-72
106        <!--
107            Service handling Google Sign-In user revocation. For apps that do not integrate with
108            Google Sign-In, this service will never be started.
109        -->
110        <service
110-->[com.google.android.gms:play-services-auth:17.0.0] AndroidManifest.xml:33:9-36:110
111            android:name="com.google.android.gms.auth.api.signin.RevocationBoundService"
111-->[com.google.android.gms:play-services-auth:17.0.0] AndroidManifest.xml:34:13-89
112            android:exported="true"
112-->[com.google.android.gms:play-services-auth:17.0.0] AndroidManifest.xml:35:13-36
113            android:permission="com.google.android.gms.auth.api.signin.permission.REVOCATION_NOTIFICATION" />
113-->[com.google.android.gms:play-services-auth:17.0.0] AndroidManifest.xml:36:13-107
114
115        <activity
115-->[com.google.android.gms:play-services-base:17.1.0] AndroidManifest.xml:23:9-26:75
116            android:name="com.google.android.gms.common.api.GoogleApiActivity"
116-->[com.google.android.gms:play-services-base:17.1.0] AndroidManifest.xml:24:13-79
117            android:exported="false"
117-->[com.google.android.gms:play-services-base:17.1.0] AndroidManifest.xml:25:13-37
118            android:theme="@android:style/Theme.Translucent.NoTitleBar" />
118-->[com.google.android.gms:play-services-base:17.1.0] AndroidManifest.xml:26:13-72
119
120        <meta-data
120-->[com.google.android.gms:play-services-basement:17.1.0] AndroidManifest.xml:23:9-25:69
121            android:name="com.google.android.gms.version"
121-->[com.google.android.gms:play-services-basement:17.1.0] AndroidManifest.xml:24:13-58
122            android:value="@integer/google_play_services_version" />
122-->[com.google.android.gms:play-services-basement:17.1.0] AndroidManifest.xml:25:13-66
123    </application>
124
125</manifest>